2024-10-17 23:49:39,361 CRIT Supervisor is running as root.  Privileges were not dropped because no user is specified in the config file.  If you intend to run as root, you can set user=root in the config file to avoid this message.
2024-10-17 23:49:39,362 INFO Included extra file "/opt/docker/etc/supervisor.d/cron.conf" during parsing
2024-10-17 23:49:39,362 INFO Included extra file "/opt/docker/etc/supervisor.d/dnsmasq.conf" during parsing
2024-10-17 23:49:39,362 INFO Included extra file "/opt/docker/etc/supervisor.d/nginx.conf" during parsing
2024-10-17 23:49:39,362 INFO Included extra file "/opt/docker/etc/supervisor.d/php-fpm.conf" during parsing
2024-10-17 23:49:39,362 INFO Included extra file "/opt/docker/etc/supervisor.d/postfix.conf" during parsing
2024-10-17 23:49:39,362 INFO Included extra file "/opt/docker/etc/supervisor.d/ssh.conf" during parsing
2024-10-17 23:49:39,362 INFO Included extra file "/opt/docker/etc/supervisor.d/supervisor-npm.conf" during parsing
2024-10-17 23:49:39,362 INFO Included extra file "/opt/docker/etc/supervisor.d/syslog.conf" during parsing
2024-10-17 23:49:39,666 INFO RPC interface 'supervisor' initialized
2024-10-17 23:49:39,666 INFO supervisord started with pid 8
2024-10-17 23:49:39,781 INFO spawned: 'syslogd' with pid 12
2024-10-17 23:49:39,783 INFO spawned: 'nginxd' with pid 13
2024-10-17 23:49:39,784 INFO spawned: 'php-fpmd' with pid 14
2024-10-17 23:49:39,785 INFO spawned: 'crond' with pid 15
2024-10-17 23:49:39,787 INFO spawned: 'npm' with pid 19
2024-10-17 23:49:39,790 INFO success: nginxd entered RUNNING state, process has stayed up for > than 0 seconds (startsecs)
2024-10-17 23:49:39,790 INFO success: php-fpmd entered RUNNING state, process has stayed up for > than 0 seconds (startsecs)
2024-10-17 23:49:39,791 INFO success: crond entered RUNNING state, process has stayed up for > than 0 seconds (startsecs)
2024-10-17 23:49:39,797 WARN exited: nginxd (exit status 1; not expected)
2024-10-17 23:49:39,798 INFO spawned: 'nginxd' with pid 30
2024-10-17 23:49:39,803 INFO success: nginxd entered RUNNING state, process has stayed up for > than 0 seconds (startsecs)
2024-10-17 23:49:39,809 WARN exited: nginxd (exit status 1; not expected)
2024-10-17 23:49:39,821 INFO spawned: 'nginxd' with pid 37
2024-10-17 23:49:39,827 INFO success: nginxd entered RUNNING state, process has stayed up for > than 0 seconds (startsecs)
2024-10-17 23:49:39,833 WARN exited: nginxd (exit status 1; not expected)
2024-10-17 23:49:39,900 INFO spawned: 'nginxd' with pid 41
2024-10-17 23:49:39,905 INFO success: nginxd entered RUNNING state, process has stayed up for > than 0 seconds (startsecs)
2024-10-17 23:49:39,910 WARN exited: nginxd (exit status 1; not expected)
2024-10-17 23:49:39,920 INFO spawned: 'nginxd' with pid 46
2024-10-17 23:49:39,921 INFO success: nginxd entered RUNNING state, process has stayed up for > than 0 seconds (startsecs)
2024-10-17 23:49:39,930 WARN exited: nginxd (exit status 1; not expected)
2024-10-17 23:49:39,979 CRIT uncaptured python exception, closing channel <POutputDispatcher at 140307998976064 for <Subprocess at 140307998794784 with name npm in state STARTING> (stdout)> (<class 'OSError'>:[Errno 29] Invalid seek [/usr/lib/python3.12/site-packages/supervisor/supervisord.py|runforever|218] [/usr/lib/python3.12/site-packages/supervisor/dispatchers.py|handle_read_event|276] [/usr/lib/python3.12/site-packages/supervisor/dispatchers.py|record_output|210] [/usr/lib/python3.12/site-packages/supervisor/dispatchers.py|_log|179] [/usr/lib/python3.12/site-packages/supervisor/loggers.py|info|327] [/usr/lib/python3.12/site-packages/supervisor/loggers.py|log|345] [/usr/lib/python3.12/site-packages/supervisor/loggers.py|emit|227] [/usr/lib/python3.12/site-packages/supervisor/loggers.py|doRollover|264])
2024-10-17 23:49:39,982 INFO spawned: 'nginxd' with pid 49
2024-10-17 23:49:39,986 INFO success: nginxd entered RUNNING state, process has stayed up for > than 0 seconds (startsecs)
2024-10-17 23:49:39,991 WARN exited: nginxd (exit status 1; not expected)
2024-10-17 23:49:40,025 INFO spawned: 'nginxd' with pid 57
2024-10-17 23:49:40,026 INFO success: nginxd entered RUNNING state, process has stayed up for > than 0 seconds (startsecs)
2024-10-17 23:49:40,042 WARN exited: nginxd (exit status 1; not expected)
2024-10-17 23:49:40,043 INFO spawned: 'nginxd' with pid 58
2024-10-17 23:49:40,050 INFO success: nginxd entered RUNNING state, process has stayed up for > than 0 seconds (startsecs)
2024-10-17 23:49:40,263 WARN exited: nginxd (exit status 1; not expected)
2024-10-17 23:49:40,265 INFO spawned: 'nginxd' with pid 60
2024-10-17 23:49:40,266 INFO success: nginxd entered RUNNING state, process has stayed up for > than 0 seconds (startsecs)
2024-10-17 23:49:40,275 WARN exited: nginxd (exit status 1; not expected)
2024-10-17 23:49:40,459 INFO spawned: 'nginxd' with pid 62
2024-10-17 23:49:40,461 INFO success: nginxd entered RUNNING state, process has stayed up for > than 0 seconds (startsecs)
2024-10-17 23:49:40,471 WARN exited: nginxd (exit status 1; not expected)
2024-10-17 23:49:40,645 INFO spawned: 'nginxd' with pid 68
2024-10-17 23:49:40,650 INFO success: nginxd entered RUNNING state, process has stayed up for > than 0 seconds (startsecs)
2024-10-17 23:49:40,658 WARN exited: nginxd (exit status 1; not expected)
2024-10-17 23:49:40,660 INFO spawned: 'nginxd' with pid 69
2024-10-17 23:49:40,667 INFO success: nginxd entered RUNNING state, process has stayed up for > than 0 seconds (startsecs)
2024-10-17 23:49:40,675 WARN exited: nginxd (exit status 1; not expected)
2024-10-17 23:49:40,850 INFO success: syslogd entered RUNNING state, process has stayed up for > than 1 seconds (startsecs)
2024-10-17 23:49:40,851 INFO spawned: 'nginxd' with pid 71
2024-10-17 23:49:40,852 INFO success: npm entered RUNNING state, process has stayed up for > than 1 seconds (startsecs)
2024-10-17 23:49:40,853 INFO success: nginxd entered RUNNING state, process has stayed up for > than 0 seconds (startsecs)
2024-10-17 23:49:40,860 WARN exited: nginxd (exit status 1; not expected)
2024-10-17 23:49:41,062 INFO spawned: 'nginxd' with pid 73
2024-10-17 23:49:41,064 INFO success: nginxd entered RUNNING state, process has stayed up for > than 0 seconds (startsecs)
2024-10-17 23:49:41,073 WARN exited: nginxd (exit status 1; not expected)
2024-10-17 23:49:41,256 INFO spawned: 'nginxd' with pid 75
2024-10-17 23:49:41,258 INFO success: nginxd entered RUNNING state, process has stayed up for > than 0 seconds (startsecs)
2024-10-17 23:49:41,264 WARN exited: nginxd (exit status 1; not expected)
2024-10-17 23:49:41,452 INFO spawned: 'nginxd' with pid 77
2024-10-17 23:49:41,453 INFO success: nginxd entered RUNNING state, process has stayed up for > than 0 seconds (startsecs)
2024-10-17 23:49:41,463 WARN exited: nginxd (exit status 1; not expected)
2024-10-17 23:49:41,704 INFO spawned: 'nginxd' with pid 79
2024-10-17 23:49:41,705 INFO success: nginxd entered RUNNING state, process has stayed up for > than 0 seconds (startsecs)
2024-10-17 23:49:41,925 WARN exited: nginxd (exit status 1; not expected)
2024-10-17 23:49:41,927 INFO spawned: 'nginxd' with pid 81
2024-10-17 23:49:41,928 INFO success: nginxd entered RUNNING state, process has stayed up for > than 0 seconds (startsecs)
2024-10-17 23:49:42,146 WARN exited: nginxd (exit status 1; not expected)
2024-10-17 23:49:42,148 INFO spawned: 'nginxd' with pid 83
2024-10-17 23:49:42,148 INFO success: nginxd entered RUNNING state, process has stayed up for > than 0 seconds (startsecs)
2024-10-17 23:49:42,159 WARN exited: nginxd (exit status 1; not expected)
2024-10-17 23:49:42,336 INFO spawned: 'nginxd' with pid 85
2024-10-17 23:49:42,338 INFO success: nginxd entered RUNNING state, process has stayed up for > than 0 seconds (startsecs)
2024-10-17 23:49:42,346 WARN exited: nginxd (exit status 1; not expected)
2024-10-17 23:49:42,529 INFO spawned: 'nginxd' with pid 87
2024-10-17 23:49:42,531 INFO success: nginxd entered RUNNING state, process has stayed up for > than 0 seconds (startsecs)
2024-10-17 23:49:42,539 WARN exited: nginxd (exit status 1; not expected)
2024-10-17 23:49:42,744 INFO spawned: 'nginxd' with pid 89
2024-10-17 23:49:42,746 INFO success: nginxd entered RUNNING state, process has stayed up for > than 0 seconds (startsecs)
2024-10-17 23:49:42,754 WARN exited: nginxd (exit status 1; not expected)
2024-10-17 23:49:42,950 INFO spawned: 'nginxd' with pid 91
2024-10-17 23:49:42,952 INFO success: nginxd entered RUNNING state, process has stayed up for > than 0 seconds (startsecs)
2024-10-17 23:49:42,960 WARN exited: nginxd (exit status 1; not expected)
2024-10-17 23:49:43,157 INFO spawned: 'nginxd' with pid 93
2024-10-17 23:49:43,159 INFO success: nginxd entered RUNNING state, process has stayed up for > than 0 seconds (startsecs)
2024-10-17 23:49:43,167 WARN exited: nginxd (exit status 1; not expected)
2024-10-17 23:49:43,351 INFO spawned: 'nginxd' with pid 95
2024-10-17 23:49:43,353 INFO success: nginxd entered RUNNING state, process has stayed up for > than 0 seconds (startsecs)
2024-10-17 23:49:43,361 WARN exited: nginxd (exit status 1; not expected)
2024-10-17 23:49:43,533 INFO spawned: 'nginxd' with pid 97
2024-10-17 23:49:43,535 INFO success: nginxd entered RUNNING state, process has stayed up for > than 0 seconds (startsecs)
2024-10-17 23:49:43,542 WARN exited: nginxd (exit status 1; not expected)
2024-10-17 23:49:43,699 INFO spawned: 'nginxd' with pid 99
2024-10-17 23:49:43,700 INFO success: nginxd entered RUNNING state, process has stayed up for > than 0 seconds (startsecs)
2024-10-17 23:49:43,710 WARN exited: nginxd (exit status 1; not expected)
2024-10-17 23:49:43,899 INFO spawned: 'nginxd' with pid 101
2024-10-17 23:49:43,900 INFO success: nginxd entered RUNNING state, process has stayed up for > than 0 seconds (startsecs)
2024-10-17 23:49:43,909 WARN exited: nginxd (exit status 1; not expected)
2024-10-17 23:49:43,910 INFO spawned: 'nginxd' with pid 102
2024-10-17 23:49:43,915 INFO success: nginxd entered RUNNING state, process has stayed up for > than 0 seconds (startsecs)
2024-10-17 23:49:43,920 WARN exited: nginxd (exit status 1; not expected)
2024-10-17 23:49:44,087 INFO spawned: 'nginxd' with pid 104
2024-10-17 23:49:44,089 INFO success: nginxd entered RUNNING state, process has stayed up for > than 0 seconds (startsecs)
2024-10-17 23:49:44,097 WARN exited: nginxd (exit status 1; not expected)
2024-10-17 23:49:44,275 INFO spawned: 'nginxd' with pid 106
2024-10-17 23:49:44,277 INFO success: nginxd entered RUNNING state, process has stayed up for > than 0 seconds (startsecs)
2024-10-17 23:49:44,283 WARN exited: nginxd (exit status 1; not expected)
2024-10-17 23:49:44,437 INFO spawned: 'nginxd' with pid 108
2024-10-17 23:49:44,439 INFO success: nginxd entered RUNNING state, process has stayed up for > than 0 seconds (startsecs)
2024-10-17 23:49:44,445 WARN exited: nginxd (exit status 1; not expected)
2024-10-17 23:49:44,590 INFO spawned: 'nginxd' with pid 110
2024-10-17 23:49:44,592 INFO success: nginxd entered RUNNING state, process has stayed up for > than 0 seconds (startsecs)
2024-10-17 23:49:44,599 WARN exited: nginxd (exit status 1; not expected)
2024-10-17 23:49:44,688 CRIT uncaptured python exception, closing channel <POutputDispatcher at 140307998976064 for <Subprocess at 140307998794784 with name npm in state RUNNING> (stdout)> (<class 'OSError'>:[Errno 29] Invalid seek [/usr/lib/python3.12/site-packages/supervisor/supervisord.py|runforever|218] [/usr/lib/python3.12/site-packages/supervisor/dispatchers.py|handle_read_event|276] [/usr/lib/python3.12/site-packages/supervisor/dispatchers.py|record_output|210] [/usr/lib/python3.12/site-packages/supervisor/dispatchers.py|_log|179] [/usr/lib/python3.12/site-packages/supervisor/loggers.py|info|327] [/usr/lib/python3.12/site-packages/supervisor/loggers.py|log|345] [/usr/lib/python3.12/site-packages/supervisor/loggers.py|emit|227] [/usr/lib/python3.12/site-packages/supervisor/loggers.py|doRollover|264])
2024-10-17 23:49:44,689 INFO spawned: 'nginxd' with pid 112
2024-10-17 23:49:44,692 INFO success: nginxd entered RUNNING state, process has stayed up for > than 0 seconds (startsecs)
2024-10-17 23:49:44,696 WARN exited: nginxd (exit status 1; not expected)
2024-10-17 23:49:44,720 INFO spawned: 'nginxd' with pid 113
2024-10-17 23:49:44,720 INFO exited: npm (exit status 0; expected)
2024-10-17 23:49:44,723 INFO success: nginxd entered RUNNING state, process has stayed up for > than 0 seconds (startsecs)
2024-10-17 23:49:44,724 INFO spawned: 'npm' with pid 114
2024-10-17 23:49:44,727 WARN exited: nginxd (exit status 1; not expected)
2024-10-17 23:49:44,751 INFO spawned: 'nginxd' with pid 121
2024-10-17 23:49:44,752 INFO success: nginxd entered RUNNING state, process has stayed up for > than 0 seconds (startsecs)
2024-10-17 23:49:44,758 WARN exited: nginxd (exit status 1; not expected)
2024-10-17 23:49:44,862 CRIT uncaptured python exception, closing channel <POutputDispatcher at 140308016923712 for <Subprocess at 140307998794784 with name npm in state STARTING> (stdout)> (<class 'OSError'>:[Errno 29] Invalid seek [/usr/lib/python3.12/site-packages/supervisor/supervisord.py|runforever|218] [/usr/lib/python3.12/site-packages/supervisor/dispatchers.py|handle_read_event|276] [/usr/lib/python3.12/site-packages/supervisor/dispatchers.py|record_output|210] [/usr/lib/python3.12/site-packages/supervisor/dispatchers.py|_log|179] [/usr/lib/python3.12/site-packages/supervisor/loggers.py|info|327] [/usr/lib/python3.12/site-packages/supervisor/loggers.py|log|345] [/usr/lib/python3.12/site-packages/supervisor/loggers.py|emit|227] [/usr/lib/python3.12/site-packages/supervisor/loggers.py|doRollover|264])
2024-10-17 23:49:44,863 INFO spawned: 'nginxd' with pid 127
2024-10-17 23:49:44,868 INFO success: nginxd entered RUNNING state, process has stayed up for > than 0 seconds (startsecs)
2024-10-17 23:49:44,875 WARN exited: nginxd (exit status 1; not expected)
2024-10-17 23:49:44,920 INFO spawned: 'nginxd' with pid 135
2024-10-17 23:49:44,921 INFO success: nginxd entered RUNNING state, process has stayed up for > than 0 seconds (startsecs)
2024-10-17 23:49:44,929 WARN exited: nginxd (exit status 1; not expected)
2024-10-17 23:49:45,072 INFO spawned: 'nginxd' with pid 137
2024-10-17 23:49:45,074 INFO success: nginxd entered RUNNING state, process has stayed up for > than 0 seconds (startsecs)
2024-10-17 23:49:45,082 WARN exited: nginxd (exit status 1; not expected)
2024-10-17 23:49:45,225 INFO spawned: 'nginxd' with pid 139
2024-10-17 23:49:45,226 INFO success: nginxd entered RUNNING state, process has stayed up for > than 0 seconds (startsecs)
2024-10-17 23:49:45,233 WARN exited: nginxd (exit status 1; not expected)
2024-10-17 23:49:45,413 INFO spawned: 'nginxd' with pid 145
2024-10-17 23:49:45,415 INFO success: nginxd entered RUNNING state, process has stayed up for > than 0 seconds (startsecs)
2024-10-17 23:49:45,424 WARN exited: nginxd (exit status 1; not expected)
2024-10-17 23:49:45,567 INFO spawned: 'nginxd' with pid 147
2024-10-17 23:49:45,568 INFO success: nginxd entered RUNNING state, process has stayed up for > than 0 seconds (startsecs)
2024-10-17 23:49:45,575 WARN exited: nginxd (exit status 1; not expected)
2024-10-17 23:49:45,724 INFO spawned: 'nginxd' with pid 149
2024-10-17 23:49:45,724 INFO success: npm entered RUNNING state, process has stayed up for > than 1 seconds (startsecs)
2024-10-17 23:49:45,725 INFO success: nginxd entered RUNNING state, process has stayed up for > than 0 seconds (startsecs)
2024-10-17 23:49:45,731 WARN exited: nginxd (exit status 1; not expected)
2024-10-17 23:49:45,882 INFO spawned: 'nginxd' with pid 151
2024-10-17 23:49:45,883 INFO success: nginxd entered RUNNING state, process has stayed up for > than 0 seconds (startsecs)
2024-10-17 23:49:45,891 WARN exited: nginxd (exit status 1; not expected)
2024-10-17 23:49:46,054 INFO spawned: 'nginxd' with pid 153
2024-10-17 23:49:46,055 INFO success: nginxd entered RUNNING state, process has stayed up for > than 0 seconds (startsecs)
2024-10-17 23:49:46,062 WARN exited: nginxd (exit status 1; not expected)
2024-10-17 23:49:46,063 INFO spawned: 'nginxd' with pid 154
2024-10-17 23:49:46,067 INFO success: nginxd entered RUNNING state, process has stayed up for > than 0 seconds (startsecs)
2024-10-17 23:49:46,071 WARN exited: nginxd (exit status 1; not expected)
2024-10-17 23:49:46,218 INFO spawned: 'nginxd' with pid 156
2024-10-17 23:49:46,219 INFO success: nginxd entered RUNNING state, process has stayed up for > than 0 seconds (startsecs)
2024-10-17 23:49:46,227 WARN exited: nginxd (exit status 1; not expected)
2024-10-17 23:49:46,391 INFO spawned: 'nginxd' with pid 158
2024-10-17 23:49:46,392 INFO success: nginxd entered RUNNING state, process has stayed up for > than 0 seconds (startsecs)
2024-10-17 23:49:46,399 WARN exited: nginxd (exit status 1; not expected)
2024-10-17 23:49:46,559 INFO spawned: 'nginxd' with pid 160
2024-10-17 23:49:46,560 INFO success: nginxd entered RUNNING state, process has stayed up for > than 0 seconds (startsecs)
2024-10-17 23:49:46,568 WARN exited: nginxd (exit status 1; not expected)
2024-10-17 23:49:46,722 INFO spawned: 'nginxd' with pid 162
2024-10-17 23:49:46,723 INFO success: nginxd entered RUNNING state, process has stayed up for > than 0 seconds (startsecs)
2024-10-17 23:49:46,729 WARN exited: nginxd (exit status 1; not expected)
2024-10-17 23:49:46,889 INFO spawned: 'nginxd' with pid 164
2024-10-17 23:49:46,890 INFO success: nginxd entered RUNNING state, process has stayed up for > than 0 seconds (startsecs)
2024-10-17 23:49:46,896 WARN exited: nginxd (exit status 1; not expected)
2024-10-17 23:49:47,044 INFO spawned: 'nginxd' with pid 166
2024-10-17 23:49:47,045 INFO success: nginxd entered RUNNING state, process has stayed up for > than 0 seconds (startsecs)
2024-10-17 23:49:47,052 WARN exited: nginxd (exit status 1; not expected)
2024-10-17 23:49:47,200 INFO spawned: 'nginxd' with pid 168
2024-10-17 23:49:47,201 INFO success: nginxd entered RUNNING state, process has stayed up for > than 0 seconds (startsecs)
2024-10-17 23:49:47,208 WARN exited: nginxd (exit status 1; not expected)
2024-10-17 23:49:47,210 INFO spawned: 'nginxd' with pid 169
2024-10-17 23:49:47,210 INFO success: nginxd entered RUNNING state, process has stayed up for > than 0 seconds (startsecs)
2024-10-17 23:49:47,217 WARN exited: nginxd (exit status 1; not expected)
2024-10-17 23:49:47,347 INFO spawned: 'nginxd' with pid 171
2024-10-17 23:49:47,348 INFO success: nginxd entered RUNNING state, process has stayed up for > than 0 seconds (startsecs)
2024-10-17 23:49:47,354 WARN exited: nginxd (exit status 1; not expected)
2024-10-17 23:49:47,534 INFO spawned: 'nginxd' with pid 173
2024-10-17 23:49:47,535 INFO success: nginxd entered RUNNING state, process has stayed up for > than 0 seconds (startsecs)
2024-10-17 23:49:47,543 WARN exited: nginxd (exit status 1; not expected)
2024-10-17 23:49:47,733 INFO spawned: 'nginxd' with pid 175
2024-10-17 23:49:47,734 INFO success: nginxd entered RUNNING state, process has stayed up for > than 0 seconds (startsecs)
2024-10-17 23:49:47,742 WARN exited: nginxd (exit status 1; not expected)
2024-10-17 23:49:47,875 INFO spawned: 'nginxd' with pid 177
2024-10-17 23:49:47,876 INFO success: nginxd entered RUNNING state, process has stayed up for > than 0 seconds (startsecs)
2024-10-17 23:49:47,884 WARN exited: nginxd (exit status 1; not expected)
2024-10-17 23:49:48,035 INFO spawned: 'nginxd' with pid 179
2024-10-17 23:49:48,036 INFO success: nginxd entered RUNNING state, process has stayed up for > than 0 seconds (startsecs)
2024-10-17 23:49:48,043 WARN exited: nginxd (exit status 1; not expected)
2024-10-17 23:49:48,193 INFO spawned: 'nginxd' with pid 181
2024-10-17 23:49:48,194 INFO success: nginxd entered RUNNING state, process has stayed up for > than 0 seconds (startsecs)
2024-10-17 23:49:48,201 WARN exited: nginxd (exit status 1; not expected)
2024-10-17 23:49:48,347 INFO spawned: 'nginxd' with pid 183
2024-10-17 23:49:48,348 INFO success: nginxd entered RUNNING state, process has stayed up for > than 0 seconds (startsecs)
2024-10-17 23:49:48,355 WARN exited: nginxd (exit status 1; not expected)
2024-10-17 23:49:48,508 INFO spawned: 'nginxd' with pid 185
2024-10-17 23:49:48,510 INFO success: nginxd entered RUNNING state, process has stayed up for > than 0 seconds (startsecs)
2024-10-17 23:49:48,516 WARN exited: nginxd (exit status 1; not expected)
2024-10-17 23:49:48,660 INFO spawned: 'nginxd' with pid 187
2024-10-17 23:49:48,661 INFO success: nginxd entered RUNNING state, process has stayed up for > than 0 seconds (startsecs)
2024-10-17 23:49:48,669 WARN exited: nginxd (exit status 1; not expected)
2024-10-17 23:49:48,746 CRIT uncaptured python exception, closing channel <POutputDispatcher at 140308016923712 for <Subprocess at 140307998794784 with name npm in state RUNNING> (stdout)> (<class 'OSError'>:[Errno 29] Invalid seek [/usr/lib/python3.12/site-packages/supervisor/supervisord.py|runforever|218] [/usr/lib/python3.12/site-packages/supervisor/dispatchers.py|handle_read_event|276] [/usr/lib/python3.12/site-packages/supervisor/dispatchers.py|record_output|210] [/usr/lib/python3.12/site-packages/supervisor/dispatchers.py|_log|179] [/usr/lib/python3.12/site-packages/supervisor/loggers.py|info|327] [/usr/lib/python3.12/site-packages/supervisor/loggers.py|log|345] [/usr/lib/python3.12/site-packages/supervisor/loggers.py|emit|227] [/usr/lib/python3.12/site-packages/supervisor/loggers.py|doRollover|264])
2024-10-17 23:49:48,748 INFO spawned: 'nginxd' with pid 189
2024-10-17 23:49:48,753 INFO success: nginxd entered RUNNING state, process has stayed up for > than 0 seconds (startsecs)
2024-10-17 23:49:48,757 WARN exited: nginxd (exit status 1; not expected)
2024-10-17 23:49:48,785 INFO spawned: 'nginxd' with pid 190
2024-10-17 23:49:48,785 INFO exited: npm (exit status 0; expected)
2024-10-17 23:49:48,789 INFO success: nginxd entered RUNNING state, process has stayed up for > than 0 seconds (startsecs)
2024-10-17 23:49:48,790 INFO spawned: 'npm' with pid 191
2024-10-17 23:49:48,793 WARN exited: nginxd (exit status 1; not expected)
2024-10-17 23:49:48,821 INFO spawned: 'nginxd' with pid 198
2024-10-17 23:49:48,822 INFO success: nginxd entered RUNNING state, process has stayed up for > than 0 seconds (startsecs)
2024-10-17 23:49:48,828 WARN exited: nginxd (exit status 1; not expected)
2024-10-17 23:49:48,920 CRIT uncaptured python exception, closing channel <POutputDispatcher at 140308000524432 for <Subprocess at 140307998794784 with name npm in state STARTING> (stdout)> (<class 'OSError'>:[Errno 29] Invalid seek [/usr/lib/python3.12/site-packages/supervisor/supervisord.py|runforever|218] [/usr/lib/python3.12/site-packages/supervisor/dispatchers.py|handle_read_event|276] [/usr/lib/python3.12/site-packages/supervisor/dispatchers.py|record_output|210] [/usr/lib/python3.12/site-packages/supervisor/dispatchers.py|_log|179] [/usr/lib/python3.12/site-packages/supervisor/loggers.py|info|327] [/usr/lib/python3.12/site-packages/supervisor/loggers.py|log|345] [/usr/lib/python3.12/site-packages/supervisor/loggers.py|emit|227] [/usr/lib/python3.12/site-packages/supervisor/loggers.py|doRollover|264])
2024-10-17 23:49:48,921 INFO spawned: 'nginxd' with pid 204
2024-10-17 23:49:48,925 INFO success: nginxd entered RUNNING state, process has stayed up for > than 0 seconds (startsecs)
2024-10-17 23:49:48,929 WARN exited: nginxd (exit status 1; not expected)
2024-10-17 23:49:48,978 INFO spawned: 'nginxd' with pid 212
2024-10-17 23:49:48,979 INFO success: nginxd entered RUNNING state, process has stayed up for > than 0 seconds (startsecs)
2024-10-17 23:49:48,986 WARN exited: nginxd (exit status 1; not expected)
2024-10-17 23:49:49,125 INFO spawned: 'nginxd' with pid 214
2024-10-17 23:49:49,126 INFO success: nginxd entered RUNNING state, process has stayed up for > than 0 seconds (startsecs)
2024-10-17 23:49:49,133 WARN exited: nginxd (exit status 1; not expected)
2024-10-17 23:49:49,292 INFO spawned: 'nginxd' with pid 216
2024-10-17 23:49:49,293 INFO success: nginxd entered RUNNING state, process has stayed up for > than 0 seconds (startsecs)
2024-10-17 23:49:49,302 WARN exited: nginxd (exit status 1; not expected)
2024-10-17 23:49:49,439 INFO spawned: 'nginxd' with pid 222
2024-10-17 23:49:49,440 INFO success: nginxd entered RUNNING state, process has stayed up for > than 0 seconds (startsecs)
2024-10-17 23:49:49,447 WARN exited: nginxd (exit status 1; not expected)
2024-10-17 23:49:49,594 INFO spawned: 'nginxd' with pid 224
2024-10-17 23:49:49,595 INFO success: nginxd entered RUNNING state, process has stayed up for > than 0 seconds (startsecs)
2024-10-17 23:49:49,602 WARN exited: nginxd (exit status 1; not expected)
2024-10-17 23:49:49,762 INFO spawned: 'nginxd' with pid 226
2024-10-17 23:49:49,763 INFO success: nginxd entered RUNNING state, process has stayed up for > than 0 seconds (startsecs)
2024-10-17 23:49:49,770 WARN exited: nginxd (exit status 1; not expected)
2024-10-17 23:49:49,922 INFO spawned: 'nginxd' with pid 228
2024-10-17 23:49:49,922 INFO success: npm entered RUNNING state, process has stayed up for > than 1 seconds (startsecs)
2024-10-17 23:49:49,923 INFO success: nginxd entered RUNNING state, process has stayed up for > than 0 seconds (startsecs)
2024-10-17 23:49:49,932 WARN exited: nginxd (exit status 1; not expected)
2024-10-17 23:49:50,091 INFO spawned: 'nginxd' with pid 230
2024-10-17 23:49:50,093 INFO success: nginxd entered RUNNING state, process has stayed up for > than 0 seconds (startsecs)
2024-10-17 23:49:50,101 WARN exited: nginxd (exit status 1; not expected)
2024-10-17 23:49:50,270 INFO spawned: 'nginxd' with pid 232
2024-10-17 23:49:50,272 INFO success: nginxd entered RUNNING state, process has stayed up for > than 0 seconds (startsecs)
2024-10-17 23:49:50,279 WARN exited: nginxd (exit status 1; not expected)
2024-10-17 23:49:50,437 INFO spawned: 'nginxd' with pid 234
2024-10-17 23:49:50,438 INFO success: nginxd entered RUNNING state, process has stayed up for > than 0 seconds (startsecs)
2024-10-17 23:49:50,448 WARN exited: nginxd (exit status 1; not expected)
2024-10-17 23:49:50,600 INFO spawned: 'nginxd' with pid 236
2024-10-17 23:49:50,602 INFO success: nginxd entered RUNNING state, process has stayed up for > than 0 seconds (startsecs)
2024-10-17 23:49:50,608 WARN exited: nginxd (exit status 1; not expected)
2024-10-17 23:49:50,759 INFO spawned: 'nginxd' with pid 238
2024-10-17 23:49:50,760 INFO success: nginxd entered RUNNING state, process has stayed up for > than 0 seconds (startsecs)
2024-10-17 23:49:50,766 WARN exited: nginxd (exit status 1; not expected)
2024-10-17 23:49:50,903 INFO spawned: 'nginxd' with pid 240
2024-10-17 23:49:50,904 INFO success: nginxd entered RUNNING state, process has stayed up for > than 0 seconds (startsecs)
2024-10-17 23:49:50,910 WARN exited: nginxd (exit status 1; not expected)
2024-10-17 23:49:51,045 INFO spawned: 'nginxd' with pid 242
2024-10-17 23:49:51,046 INFO success: nginxd entered RUNNING state, process has stayed up for > than 0 seconds (startsecs)
2024-10-17 23:49:51,052 WARN exited: nginxd (exit status 1; not expected)
2024-10-17 23:49:51,202 INFO spawned: 'nginxd' with pid 244
2024-10-17 23:49:51,204 INFO success: nginxd entered RUNNING state, process has stayed up for > than 0 seconds (startsecs)
2024-10-17 23:49:51,212 WARN exited: nginxd (exit status 1; not expected)
2024-10-17 23:49:51,349 INFO spawned: 'nginxd' with pid 246
2024-10-17 23:49:51,351 INFO success: nginxd entered RUNNING state, process has stayed up for > than 0 seconds (startsecs)
2024-10-17 23:49:51,359 WARN exited: nginxd (exit status 1; not expected)
2024-10-17 23:49:51,520 INFO spawned: 'nginxd' with pid 248
2024-10-17 23:49:51,522 INFO success: nginxd entered RUNNING state, process has stayed up for > than 0 seconds (startsecs)
2024-10-17 23:49:51,528 WARN exited: nginxd (exit status 1; not expected)
2024-10-17 23:49:51,675 INFO spawned: 'nginxd' with pid 250
2024-10-17 23:49:51,676 INFO success: nginxd entered RUNNING state, process has stayed up for > than 0 seconds (startsecs)
2024-10-17 23:49:51,683 WARN exited: nginxd (exit status 1; not expected)
2024-10-17 23:49:51,821 INFO spawned: 'nginxd' with pid 252
2024-10-17 23:49:51,822 INFO success: nginxd entered RUNNING state, process has stayed up for > than 0 seconds (startsecs)
2024-10-17 23:49:51,829 WARN exited: nginxd (exit status 1; not expected)
2024-10-17 23:49:51,982 INFO spawned: 'nginxd' with pid 254
2024-10-17 23:49:51,983 INFO success: nginxd entered RUNNING state, process has stayed up for > than 0 seconds (startsecs)
2024-10-17 23:49:51,992 WARN exited: nginxd (exit status 1; not expected)
2024-10-17 23:49:52,157 INFO spawned: 'nginxd' with pid 256
2024-10-17 23:49:52,158 INFO success: nginxd entered RUNNING state, process has stayed up for > than 0 seconds (startsecs)
2024-10-17 23:49:52,166 WARN exited: nginxd (exit status 1; not expected)
2024-10-17 23:49:52,319 INFO spawned: 'nginxd' with pid 258
2024-10-17 23:49:52,320 INFO success: nginxd entered RUNNING state, process has stayed up for > than 0 seconds (startsecs)
2024-10-17 23:49:52,326 WARN exited: nginxd (exit status 1; not expected)
2024-10-17 23:49:52,506 INFO spawned: 'nginxd' with pid 260
2024-10-17 23:49:52,508 INFO success: nginxd entered RUNNING state, process has stayed up for > than 0 seconds (startsecs)
2024-10-17 23:49:52,514 WARN exited: nginxd (exit status 1; not expected)
2024-10-17 23:49:52,665 INFO spawned: 'nginxd' with pid 262
2024-10-17 23:49:52,667 INFO success: nginxd entered RUNNING state, process has stayed up for > than 0 seconds (startsecs)
2024-10-17 23:49:52,673 WARN exited: nginxd (exit status 1; not expected)
2024-10-17 23:49:52,817 INFO spawned: 'nginxd' with pid 264
2024-10-17 23:49:52,818 INFO success: nginxd entered RUNNING state, process has stayed up for > than 0 seconds (startsecs)
2024-10-17 23:49:52,819 CRIT uncaptured python exception, closing channel <POutputDispatcher at 140308000524432 for <Subprocess at 140307998794784 with name npm in state RUNNING> (stdout)> (<class 'OSError'>:[Errno 29] Invalid seek [/usr/lib/python3.12/site-packages/supervisor/supervisord.py|runforever|218] [/usr/lib/python3.12/site-packages/supervisor/dispatchers.py|handle_read_event|276] [/usr/lib/python3.12/site-packages/supervisor/dispatchers.py|record_output|210] [/usr/lib/python3.12/site-packages/supervisor/dispatchers.py|_log|179] [/usr/lib/python3.12/site-packages/supervisor/loggers.py|info|327] [/usr/lib/python3.12/site-packages/supervisor/loggers.py|log|345] [/usr/lib/python3.12/site-packages/supervisor/loggers.py|emit|227] [/usr/lib/python3.12/site-packages/supervisor/loggers.py|doRollover|264])
2024-10-17 23:49:52,826 WARN exited: nginxd (exit status 1; not expected)
2024-10-17 23:49:52,858 INFO spawned: 'nginxd' with pid 266
2024-10-17 23:49:52,859 INFO exited: npm (exit status 0; expected)
2024-10-17 23:49:52,862 INFO success: nginxd entered RUNNING state, process has stayed up for > than 0 seconds (startsecs)
2024-10-17 23:49:52,862 INFO spawned: 'npm' with pid 267
2024-10-17 23:49:52,865 WARN exited: nginxd (exit status 1; not expected)
2024-10-17 23:49:52,969 INFO spawned: 'nginxd' with pid 278
2024-10-17 23:49:52,970 INFO success: nginxd entered RUNNING state, process has stayed up for > than 0 seconds (startsecs)
2024-10-17 23:49:52,977 WARN exited: nginxd (exit status 1; not expected)
2024-10-17 23:49:52,988 CRIT uncaptured python exception, closing channel <POutputDispatcher at 140307999232976 for <Subprocess at 140307998794784 with name npm in state STARTING> (stdout)> (<class 'OSError'>:[Errno 29] Invalid seek [/usr/lib/python3.12/site-packages/supervisor/supervisord.py|runforever|218] [/usr/lib/python3.12/site-packages/supervisor/dispatchers.py|handle_read_event|276] [/usr/lib/python3.12/site-packages/supervisor/dispatchers.py|record_output|210] [/usr/lib/python3.12/site-packages/supervisor/dispatchers.py|_log|179] [/usr/lib/python3.12/site-packages/supervisor/loggers.py|info|327] [/usr/lib/python3.12/site-packages/supervisor/loggers.py|log|345] [/usr/lib/python3.12/site-packages/supervisor/loggers.py|emit|227] [/usr/lib/python3.12/site-packages/supervisor/loggers.py|doRollover|264])
2024-10-17 23:49:52,989 INFO spawned: 'nginxd' with pid 279
2024-10-17 23:49:52,993 INFO success: nginxd entered RUNNING state, process has stayed up for > than 0 seconds (startsecs)
2024-10-17 23:49:52,998 WARN exited: nginxd (exit status 1; not expected)
2024-10-17 23:49:53,147 INFO spawned: 'nginxd' with pid 288
2024-10-17 23:49:53,149 INFO success: nginxd entered RUNNING state, process has stayed up for > than 0 seconds (startsecs)
2024-10-17 23:49:53,156 WARN exited: nginxd (exit status 1; not expected)
2024-10-17 23:49:53,308 INFO spawned: 'nginxd' with pid 290
2024-10-17 23:49:53,309 INFO success: nginxd entered RUNNING state, process has stayed up for > than 0 seconds (startsecs)
2024-10-17 23:49:53,317 WARN exited: nginxd (exit status 1; not expected)
2024-10-17 23:49:53,455 INFO spawned: 'nginxd' with pid 292
2024-10-17 23:49:53,456 INFO success: nginxd entered RUNNING state, process has stayed up for > than 0 seconds (startsecs)
2024-10-17 23:49:53,462 WARN exited: nginxd (exit status 1; not expected)
2024-10-17 23:49:53,603 INFO spawned: 'nginxd' with pid 298
2024-10-17 23:49:53,604 INFO success: nginxd entered RUNNING state, process has stayed up for > than 0 seconds (startsecs)
2024-10-17 23:49:53,611 WARN exited: nginxd (exit status 1; not expected)
2024-10-17 23:49:53,761 INFO spawned: 'nginxd' with pid 300
2024-10-17 23:49:53,763 INFO success: nginxd entered RUNNING state, process has stayed up for > than 0 seconds (startsecs)
2024-10-17 23:49:53,770 WARN exited: nginxd (exit status 1; not expected)
